This file contains any messages produced by compilers while
running configure, to aid debugging if configure makes a mistake.

It was created by configure, which was
generated by GNU Autoconf 2.69.  Invocation command line was

  $ auto/configure --enable-pythoninterp --with-features=huge --prefix=/home/jcress/opt/vim --srcdir=. --cache-file=auto/config.cache

## --------- ##
## Platform. ##
## --------- ##

hostname = crunchbang
uname -m = x86_64
uname -r = 3.2.0-4-amd64
uname -s = Linux
uname -v = #1 SMP Debian 3.2.57-3+deb7u1

/usr/bin/uname -p = unknown
/bin/uname -X     = unknown

/bin/arch              = unknown
/usr/bin/arch -k       = unknown
/usr/convex/getsysinfo = unknown
/usr/bin/hostinfo      = unknown
/bin/machine           = unknown
/usr/bin/oslevel       = unknown
/bin/universe          = unknown

PATH: /home/jcress/bin
PATH: /usr/sbin
PATH: /sbin
PATH: /usr/local/bin
PATH: /usr/bin
PATH: /bin
PATH: /usr/local/games
PATH: /usr/games


## ----------- ##
## Core tests. ##
## ----------- ##

configure:2518: loading cache auto/config.cache
configure:2604: checking whether make sets $(MAKE)
configure:2626: result: yes
configure:2684: checking for gcc
configure:2711: result: gcc
configure:2940: checking for C compiler version
configure:2949: gcc --version >&5
gcc (Debian 4.7.2-5) 4.7.2
Copyright (C) 2012 Free Software Foundation, Inc.
This is free software; see the source for copying conditions.  There is NO
warranty; not even for MERCHANTABILITY or FITNESS FOR A PARTICULAR PURPOSE.

configure:2960: $? = 0
configure:2949: gcc -v >&5
Using built-in specs.
COLLECT_GCC=gcc
COLLECT_LTO_WRAPPER=/usr/lib/gcc/x86_64-linux-gnu/4.7/lto-wrapper
Target: x86_64-linux-gnu
Configured with: ../src/configure -v --with-pkgversion='Debian 4.7.2-5' --with-bugurl=file:///usr/share/doc/gcc-4.7/README.Bugs --enable-languages=c,c++,go,fortran,objc,obj-c++ --prefix=/usr --program-suffix=-4.7 --enable-shared --enable-linker-build-id --with-system-zlib --libexecdir=/usr/lib --without-included-gettext --enable-threads=posix --with-gxx-include-dir=/usr/include/c++/4.7 --libdir=/usr/lib --enable-nls --with-sysroot=/ --enable-clocale=gnu --enable-libstdcxx-debug --enable-libstdcxx-time=yes --enable-gnu-unique-object --enable-plugin --enable-objc-gc --with-arch-32=i586 --with-tune=generic --enable-checking=release --build=x86_64-linux-gnu --host=x86_64-linux-gnu --target=x86_64-linux-gnu
Thread model: posix
gcc version 4.7.2 (Debian 4.7.2-5) 
configure:2960: $? = 0
configure:2949: gcc -V >&5
gcc: error: unrecognized command line option '-V'
gcc: fatal error: no input files
compilation terminated.
configure:2960: $? = 4
configure:2949: gcc -qversion >&5
gcc: error: unrecognized command line option '-qversion'
gcc: fatal error: no input files
compilation terminated.
configure:2960: $? = 4
configure:2980: checking whether the C compiler works
configure:3002: gcc    conftest.c  >&5
configure:3006: $? = 0
configure:3054: result: yes
configure:3057: checking for C compiler default output file name
configure:3059: result: a.out
configure:3065: checking for suffix of executables
configure:3072: gcc -o conftest    conftest.c  >&5
configure:3076: $? = 0
configure:3098: result: 
configure:3120: checking whether we are cross compiling
configure:3128: gcc -o conftest    conftest.c  >&5
configure:3132: $? = 0
configure:3139: ./conftest
configure:3143: $? = 0
configure:3158: result: no
configure:3163: checking for suffix of object files
configure:3210: result: o
configure:3214: checking whether we are using the GNU C compiler
configure:3242: result: yes
configure:3251: checking whether gcc accepts -g
configure:3312: result: yes
configure:3329: checking for gcc option to accept ISO C89
configure:3405: result: none needed
configure:3429: checking how to run the C preprocessor
configure:3499: result: gcc -E
configure:3519: gcc -E  conftest.c
configure:3519: $? = 0
configure:3533: gcc -E  conftest.c
conftest.c:10:28: fatal error: ac_nonexistent.h: No such file or directory
compilation terminated.
configure:3533: $? = 1
configure: failed program was:
| /* confdefs.h */
| #define PACKAGE_NAME ""
| #define PACKAGE_TARNAME ""
| #define PACKAGE_VERSION ""
| #define PACKAGE_STRING ""
| #define PACKAGE_BUGREPORT ""
| #define PACKAGE_URL ""
| #define UNIX 1
| /* end confdefs.h.  */
| #include <ac_nonexistent.h>
configure:3562: checking for grep that handles long lines and -e
configure:3620: result: /bin/grep
configure:3625: checking for egrep
configure:3687: result: /bin/grep -E
configure:3701: checking for fgrep
configure:3763: result: /bin/grep -F
configure:3767: checking for library containing strerror
configure:3815: result: none required
configure:3826: checking for gawk
configure:3853: result: mawk
configure:3866: checking for strip
configure:3894: result: strip
configure:3905: checking for ANSI C header files
configure:4009: result: yes
configure:4017: checking for sys/wait.h that is POSIX.1 compatible
configure:4050: result: yes
configure:4060: checking --enable-fail-if-missing argument
configure:4069: result: no
configure:4092: checking for recent clang version
configure:4106: result: no
configure:4118: checking for buggy tools...
configure:4125: checking for BeOS
configure:4131: result: no
configure:4135: checking for QNX
configure:4142: result: no
configure:4146: checking for Darwin (Mac OS X)
configure:4361: result: no
configure:4367: checking for AvailabilityMacros.h
configure:4367: result: no
configure:4382: checking --with-local-dir argument
configure:4406: result: Defaulting to /usr/local
configure:4431: checking --with-vim-name argument
configure:4439: result: Defaulting to vim
configure:4444: checking --with-ex-name argument
configure:4452: result: Defaulting to ex
configure:4457: checking --with-view-name argument
configure:4465: result: Defaulting to view
configure:4471: checking --with-global-runtime argument
configure:4482: result: no
configure:4487: checking --with-modified-by argument
configure:4498: result: no
configure:4503: checking if character set is EBCDIC
configure:4522: gcc -c -g -O2  conftest.c >&5
conftest.c: In function 'main':
conftest.c:21:1: error: unknown type name 'make'
conftest.c:21:9: error: expected '=', ',', ';', 'asm' or '__attribute__' before 'error'
configure:4522: $? = 1
configure: failed program was:
| /* confdefs.h */
| #define PACKAGE_NAME ""
| #define PACKAGE_TARNAME ""
| #define PACKAGE_VERSION ""
| #define PACKAGE_STRING ""
| #define PACKAGE_BUGREPORT ""
| #define PACKAGE_URL ""
| #define UNIX 1
| #define STDC_HEADERS 1
| #define HAVE_SYS_WAIT_H 1
| /* end confdefs.h.  */
| 
| int
| main ()
| {
|  /* TryCompile function for CharSet.
|    Treat any failure as ASCII for compatibility with existing art.
|    Use compile-time rather than run-time tests for cross-compiler
|    tolerance.  */
| #if '0'!=240
| make an error "Character set is not EBCDIC"
| #endif
|   ;
|   return 0;
| }
configure:4532: result: no
configure:4593: checking --disable-smack argument
configure:4603: result: no
configure:4605: checking for linux/xattr.h
configure:4605: result: yes
configure:4618: checking for attr/xattr.h
configure:4618: result: yes
configure:4628: checking for XATTR_NAME_SMACKEXEC in linux/xattr.h
configure:4639: result: no
configure:4692: checking --disable-selinux argument
configure:4702: result: no
configure:4704: checking for is_selinux_enabled in -lselinux
configure:4738: result: yes
configure:4753: checking --with-features argument
configure:4758: result: huge
configure:4789: checking --with-compiledby argument
configure:4797: result: no
configure:4803: checking --disable-xsmp argument
configure:4814: result: no
configure:4816: checking --disable-xsmp-interact argument
configure:4826: result: no
configure:4839: checking --enable-luainterp argument
configure:4848: result: no
configure:5175: checking --enable-mzschemeinterp argument
configure:5184: result: no
configure:5521: checking --enable-perlinterp argument
configure:5530: result: no
configure:5710: checking --enable-pythoninterp argument
configure:5719: result: yes
configure:5726: checking for python2
configure:5756: result: /usr/bin/python2
configure:5769: checking Python version
configure:5778: result: 2.7
configure:5781: checking Python is 2.3 or better
configure:5786: result: yep
configure:5789: checking Python's install prefix
configure:5798: result: /usr
configure:5801: checking Python's execution prefix
configure:5810: result: /usr
configure:5832: checking Python's configuration directory
configure:5854: result: /usr/lib/python2.7/config
configure:5922: checking if -pthread should be used
configure:5952: gcc -o conftest -g -O2 -pthread   -L/usr/local/lib conftest.c  -lselinux  >&5
configure:5952: $? = 0
configure:5953: result: yes
configure:5968: checking if compile and link flags for Python are sane
configure:5985: gcc -o conftest -g -O2 -I/usr/include/python2.7 -DPYTHON_HOME='"/usr"' -pthread   -L/usr/local/lib conftest.c  -lselinux  -L/usr/lib/python2.7/config -lpython2.7 -lpthread -ldl -lutil -lm -Xlinker -export-dynamic -Wl,-O1 -Wl,-Bsymbolic-functions >&5
configure:5985: $? = 0
configure:5986: result: yes
configure:6026: checking --enable-python3interp argument
configure:6035: result: no
configure:6496: checking if -fPIE can be added for Python
configure:6513: gcc -o conftest -g -O2 -I/usr/include/python2.7 -DPYTHON_HOME='"/usr"' -pthread -fPIE   -L/usr/local/lib conftest.c  -lselinux  -L/usr/lib/python2.7/config -lpython2.7 -lpthread -ldl -lutil -lm -Xlinker -export-dynamic -Wl,-O1 -Wl,-Bsymbolic-functions >&5
configure:6513: $? = 0
configure:6514: result: yes
configure:6568: checking --enable-tclinterp argument
configure:6577: result: no
configure:6911: checking --enable-rubyinterp argument
configure:6920: result: no
configure:7065: checking --enable-cscope argument
configure:7074: result: no
configure:7081: checking --enable-workshop argument
configure:7090: result: no
configure:7104: checking --disable-netbeans argument
configure:7114: result: no
configure:7116: checking for socket in -lsocket
configure:7150: result: no
configure:7161: checking for gethostbyname in -lnsl
configure:7195: result: yes
configure:7206: checking whether compiling netbeans integration is possible
configure:7242: gcc -o conftest -g -O2   -L/usr/local/lib conftest.c -lnsl  -lselinux  >&5
configure:7242: $? = 0
configure:7243: result: yes
configure:7264: checking --enable-sniff argument
configure:7273: result: no
configure:7284: checking --enable-multibyte argument
configure:7293: result: no
configure:7300: checking --enable-hangulinput argument
configure:7309: result: no
configure:7312: checking --enable-xim argument
configure:7319: result: defaulting to auto
configure:7324: checking --enable-fontset argument
configure:7333: result: no
configure:7345: checking for xmkmf
configure:7378: result: no
configure:7384: checking for X
configure:7573: result: libraries , headers 
configure:7672: gcc -o conftest -g -O2   -L/usr/local/lib conftest.c -lnsl  -lselinux   -lX11 >&5
configure:7672: $? = 0
configure:7770: checking for gethostbyname
configure:7770: result: yes
configure:7867: checking for connect
configure:7867: result: yes
configure:7916: checking for remove
configure:7916: result: yes
configure:7965: checking for shmat
configure:7965: result: yes
configure:8023: checking for IceConnectionNumber in -lICE
configure:8057: result: yes
configure:8098: checking if X11 header files can be found
configure:8114: gcc -c -g -O2    conftest.c >&5
configure:8114: $? = 0
configure:8115: result: yes
configure:8135: checking for _XdmcpAuthDoIt in -lXdmcp
configure:8169: result: yes
configure:8176: checking for IceOpenConnection in -lICE
configure:8210: result: yes
configure:8218: checking for XpmCreatePixmapFromData in -lXpm
configure:8252: result: yes
configure:8259: checking if X11 header files implicitly declare return values
configure:8278: gcc -c -g -O2   -Werror  conftest.c >&5
configure:8278: $? = 0
configure:8279: result: no
configure:8310: checking size of wchar_t is 2 bytes
configure:8344: result: no
configure:8356: checking --enable-gui argument
configure:8418: result: yes/auto - automatic GUI support
configure:8450: checking whether or not to look for GTK+ 2
configure:8459: result: yes
configure:8468: checking whether or not to look for GNOME
configure:8477: result: no
configure:8485: checking whether or not to look for Motif
configure:8494: result: yes
configure:8502: checking whether or not to look for Athena
configure:8511: result: yes
configure:8519: checking whether or not to look for neXtaw
configure:8528: result: yes
configure:8536: checking whether or not to look for Carbon
configure:8545: result: yes
configure:8593: checking --disable-gtktest argument
configure:8603: result: gtk test enabled
configure:8613: checking for pkg-config
configure:8644: result: /usr/bin/pkg-config
configure:8659: checking for GTK - version >= 2.2.0
configure:8726: gcc -o conftest -g -O2 -pthread -I/usr/include/gtk-2.0 -I/usr/lib/x86_64-linux-gnu/gtk-2.0/include -I/usr/include/atk-1.0 -I/usr/include/cairo -I/usr/include/gdk-pixbuf-2.0 -I/usr/include/pango-1.0 -I/usr/include/gio-unix-2.0/ -I/usr/include/glib-2.0 -I/usr/lib/x86_64-linux-gnu/glib-2.0/include -I/usr/include/pixman-1 -I/usr/include/freetype2 -I/usr/include/libpng12     -L/usr/local/lib conftest.c -lnsl  -lselinux  -lgtk-x11-2.0 -lgdk-x11-2.0 -latk-1.0 -lgio-2.0 -lpangoft2-1.0 -lpangocairo-1.0 -lgdk_pixbuf-2.0 -lcairo -lpango-1.0 -lfreetype -lfontconfig -lgobject-2.0 -lglib-2.0   >&5
configure:8726: $? = 0
configure:8726: ./conftest
configure:8726: $? = 0
configure:8741: result: yes; found version 2.24.10
configure:9280: checking for X11/SM/SMlib.h
configure:9280: result: yes
configure:9300: checking for X11/xpm.h
configure:9300: result: yes
configure:9300: checking for X11/Sunkeysym.h
configure:9300: result: yes
configure:9312: checking for XIMText in X11/Xlib.h
configure:9320: result: yes
configure:9333: result: X GUI selected; xim has been enabled
configure:9465: checking for CYGWIN environment
configure:9483: result: no
configure:9503: checking whether toupper is broken
configure:9540: result: no
configure:9548: checking whether __DATE__ and __TIME__ work
configure:9561: gcc -c -g -O2  conftest.c >&5
configure:9561: $? = 0
configure:9562: result: yes
configure:9571: checking whether __attribute__((unused)) is allowed
configure:9584: gcc -c -g -O2  conftest.c >&5
configure:9584: $? = 0
configure:9585: result: yes
configure:9594: checking for elf.h
configure:9594: result: yes
configure:9601: checking for main in -lelf
configure:9629: result: no
configure:9645: checking for dirent.h that defines DIR
configure:9672: result: yes
configure:9685: checking for library containing opendir
configure:9733: result: none required
configure:9841: checking for stdarg.h
configure:9841: result: yes
configure:9841: checking for stdint.h
configure:9841: result: yes
configure:9841: checking for stdlib.h
configure:9841: result: yes
configure:9841: checking for string.h
configure:9841: result: yes
configure:9841: checking for sys/select.h
configure:9841: result: yes
configure:9841: checking for sys/utsname.h
configure:9841: result: yes
configure:9841: checking for termcap.h
configure:9841: result: no
configure:9841: checking for fcntl.h
configure:9841: result: yes
configure:9841: checking for sgtty.h
configure:9841: result: yes
configure:9841: checking for sys/ioctl.h
configure:9841: result: yes
configure:9841: checking for sys/time.h
configure:9841: result: yes
configure:9841: checking for sys/types.h
configure:9841: result: yes
configure:9841: checking for termio.h
configure:9841: result: yes
configure:9841: checking for iconv.h
configure:9841: result: yes
configure:9841: checking for inttypes.h
configure:9841: result: yes
configure:9841: checking for langinfo.h
configure:9841: result: yes
configure:9841: checking for math.h
configure:9841: result: yes
configure:9841: checking for unistd.h
configure:9841: result: yes
configure:9841: checking for stropts.h
configure:9841: result: yes
configure:9841: checking for errno.h
configure:9841: result: yes
configure:9841: checking for sys/resource.h
configure:9841: result: yes
configure:9841: checking for sys/systeminfo.h
configure:9841: result: no
configure:9841: checking for locale.h
configure:9841: result: yes
configure:9841: checking for sys/stream.h
configure:9841: result: no
configure:9841: checking for termios.h
configure:9841: result: yes
configure:9841: checking for libc.h
configure:9841: result: no
configure:9841: checking for sys/statfs.h
configure:9841: result: yes
configure:9841: checking for poll.h
configure:9841: result: yes
configure:9841: checking for sys/poll.h
configure:9841: result: yes
configure:9841: checking for pwd.h
configure:9841: result: yes
configure:9841: checking for utime.h
configure:9841: result: yes
configure:9841: checking for sys/param.h
configure:9841: result: yes
configure:9841: checking for libintl.h
configure:9841: result: yes
configure:9841: checking for libgen.h
configure:9841: result: yes
configure:9841: checking for util/debug.h
configure:9841: result: no
configure:9841: checking for util/msg18n.h
configure:9841: result: no
configure:9841: checking for frame.h
configure:9841: result: no
configure:9841: checking for sys/acl.h
configure:9841: result: yes
configure:9841: checking for sys/access.h
configure:9841: result: no
configure:9841: checking for sys/sysinfo.h
configure:9841: result: yes
configure:9841: checking for wchar.h
configure:9841: result: yes
configure:9841: checking for wctype.h
configure:9841: result: yes
configure:9854: checking for sys/ptem.h
configure:9854: result: no
configure:9870: checking for sys/sysctl.h
configure:9870: result: yes
configure:9885: checking for pthread_np.h
configure:9900: gcc -c -g -O2  conftest.c >&5
conftest.c:64:24: fatal error: pthread_np.h: No such file or directory
compilation terminated.
configure:9900: $? = 1
configure: failed program was:
| /* confdefs.h */
| #define PACKAGE_NAME ""
| #define PACKAGE_TARNAME ""
| #define PACKAGE_VERSION ""
| #define PACKAGE_STRING ""
| #define PACKAGE_BUGREPORT ""
| #define PACKAGE_URL ""
| #define UNIX 1
| #define STDC_HEADERS 1
| #define HAVE_SYS_WAIT_H 1
| #define HAVE_SELINUX 1
| #define FEAT_HUGE 1
| #define USE_XSMP_INTERACT 1
| #define FEAT_PYTHON 1
| #define HAVE_LIBNSL 1
| #define FEAT_NETBEANS_INTG 1
| #define HAVE_X11 1
| #define HAVE_GTK_MULTIHEAD 1
| #define HAVE_X11_SM_SMLIB_H 1
| #define HAVE_X11_XPM_H 1
| #define HAVE_X11_SUNKEYSYM_H 1
| #define FEAT_XIM 1
| #define HAVE_DATE_TIME 1
| #define HAVE_ATTRIBUTE_UNUSED 1
| #define HAVE_DIRENT_H 1
| #define HAVE_STDARG_H 1
| #define HAVE_STDINT_H 1
| #define HAVE_STDLIB_H 1
| #define HAVE_STRING_H 1
| #define HAVE_SYS_SELECT_H 1
| #define HAVE_SYS_UTSNAME_H 1
| #define HAVE_FCNTL_H 1
| #define HAVE_SGTTY_H 1
| #define HAVE_SYS_IOCTL_H 1
| #define HAVE_SYS_TIME_H 1
| #define HAVE_SYS_TYPES_H 1
| #define HAVE_TERMIO_H 1
| #define HAVE_ICONV_H 1
| #define HAVE_INTTYPES_H 1
| #define HAVE_LANGINFO_H 1
| #define HAVE_MATH_H 1
| #define HAVE_UNISTD_H 1
| #define HAVE_STROPTS_H 1
| #define HAVE_ERRNO_H 1
| #define HAVE_SYS_RESOURCE_H 1
| #define HAVE_LOCALE_H 1
| #define HAVE_TERMIOS_H 1
| #define HAVE_SYS_STATFS_H 1
| #define HAVE_POLL_H 1
| #define HAVE_SYS_POLL_H 1
| #define HAVE_PWD_H 1
| #define HAVE_UTIME_H 1
| #define HAVE_SYS_PARAM_H 1
| #define HAVE_LIBINTL_H 1
| #define HAVE_LIBGEN_H 1
| #define HAVE_SYS_ACL_H 1
| #define HAVE_SYS_SYSINFO_H 1
| #define HAVE_WCHAR_H 1
| #define HAVE_WCTYPE_H 1
| #define HAVE_SYS_SYSCTL_H 1
| /* end confdefs.h.  */
| 
| #include <pthread.h>
| #include <pthread_np.h>
| int
| main ()
| {
| int i; i = 0;
|   ;
|   return 0;
| }
configure:9906: result: no
configure:9913: checking for strings.h
configure:9913: result: yes
configure:9928: checking if strings.h can be included after string.h
configure:9957: gcc -c -g -O2    conftest.c >&5
configure:9957: $? = 0
configure:9958: result: yes
configure:9971: checking whether gcc needs -traditional
configure:10005: result: no
configure:10012: checking for an ANSI C-conforming const
configure:10085: result: yes
configure:10093: checking for working volatile
configure:10119: result: yes
configure:10127: checking for mode_t
configure:10127: result: yes
configure:10138: checking for off_t
configure:10138: result: yes
configure:10149: checking for pid_t
configure:10149: result: yes
configure:10160: checking for size_t
configure:10160: result: yes
configure:10171: checking for uid_t in sys/types.h
configure:10190: result: yes
configure:10201: checking for uint32_t
configure:10201: result: yes
configure:10216: checking whether time.h and sys/time.h may both be included
configure:10243: result: yes
configure:10251: checking for ino_t
configure:10251: result: yes
configure:10262: checking for dev_t
configure:10262: result: yes
configure:10273: checking whether byte ordering is bigendian
configure:10479: result: no
configure:10498: checking for rlim_t
configure:10501: result: (cached) yes
configure:10534: checking for stack_t
configure:10537: result: (cached) yes
configure:10568: checking whether stack_t has an ss_base field
configure:10589: gcc -c -g -O2  conftest.c >&5
conftest.c: In function 'main':
conftest.c:76:23: error: 'stack_t' has no member named 'ss_base'
configure:10589: $? = 1
configure: failed program was:
| /* confdefs.h */
| #define PACKAGE_NAME ""
| #define PACKAGE_TARNAME ""
| #define PACKAGE_VERSION ""
| #define PACKAGE_STRING ""
| #define PACKAGE_BUGREPORT ""
| #define PACKAGE_URL ""
| #define UNIX 1
| #define STDC_HEADERS 1
| #define HAVE_SYS_WAIT_H 1
| #define HAVE_SELINUX 1
| #define FEAT_HUGE 1
| #define USE_XSMP_INTERACT 1
| #define FEAT_PYTHON 1
| #define HAVE_LIBNSL 1
| #define FEAT_NETBEANS_INTG 1
| #define HAVE_X11 1
| #define HAVE_GTK_MULTIHEAD 1
| #define HAVE_X11_SM_SMLIB_H 1
| #define HAVE_X11_XPM_H 1
| #define HAVE_X11_SUNKEYSYM_H 1
| #define FEAT_XIM 1
| #define HAVE_DATE_TIME 1
| #define HAVE_ATTRIBUTE_UNUSED 1
| #define HAVE_DIRENT_H 1
| #define HAVE_STDARG_H 1
| #define HAVE_STDINT_H 1
| #define HAVE_STDLIB_H 1
| #define HAVE_STRING_H 1
| #define HAVE_SYS_SELECT_H 1
| #define HAVE_SYS_UTSNAME_H 1
| #define HAVE_FCNTL_H 1
| #define HAVE_SGTTY_H 1
| #define HAVE_SYS_IOCTL_H 1
| #define HAVE_SYS_TIME_H 1
| #define HAVE_SYS_TYPES_H 1
| #define HAVE_TERMIO_H 1
| #define HAVE_ICONV_H 1
| #define HAVE_INTTYPES_H 1
| #define HAVE_LANGINFO_H 1
| #define HAVE_MATH_H 1
| #define HAVE_UNISTD_H 1
| #define HAVE_STROPTS_H 1
| #define HAVE_ERRNO_H 1
| #define HAVE_SYS_RESOURCE_H 1
| #define HAVE_LOCALE_H 1
| #define HAVE_TERMIOS_H 1
| #define HAVE_SYS_STATFS_H 1
| #define HAVE_POLL_H 1
| #define HAVE_SYS_POLL_H 1
| #define HAVE_PWD_H 1
| #define HAVE_UTIME_H 1
| #define HAVE_SYS_PARAM_H 1
| #define HAVE_LIBINTL_H 1
| #define HAVE_LIBGEN_H 1
| #define HAVE_SYS_ACL_H 1
| #define HAVE_SYS_SYSINFO_H 1
| #define HAVE_WCHAR_H 1
| #define HAVE_WCTYPE_H 1
| #define HAVE_SYS_SYSCTL_H 1
| #define HAVE_STRINGS_H 1
| #define TIME_WITH_SYS_TIME 1
| /* end confdefs.h.  */
| 
| #include <sys/types.h>
| #if STDC_HEADERS
| # include <stdlib.h>
| # include <stddef.h>
| #endif
| #include <signal.h>
| #include "confdefs.h"
| 
| int
| main ()
| {
| stack_t sigstk; sigstk.ss_base = 0;
|   ;
|   return 0;
| }
configure:10594: result: no
configure:10600: checking --with-tlib argument
configure:10635: result: empty: automatic terminal library selection
configure:10643: checking for tgetent in -ltinfo
configure:10678: result: yes
configure:10705: gcc -o conftest -g -O2   -L/usr/local/lib conftest.c -ltinfo -lnsl  -lselinux  >&5
conftest.c: In function 'main':
conftest.c:73:20: warning: cast to pointer from integer of different size [-Wint-to-pointer-cast]
configure:10705: $? = 0
configure:10705: ./conftest
configure:10705: $? = 0
configure:10754: checking whether we talk terminfo
configure:10798: result: yes
configure:10807: checking what tgetent() returns for an unknown terminal
configure:10848: result: zero
configure:10857: checking whether termcap.h contains ospeed
configure:10874: gcc -o conftest -g -O2   -L/usr/local/lib conftest.c -ltinfo -lnsl  -lselinux  >&5
conftest.c: In function 'main':
conftest.c:75:1: error: 'ospeed' undeclared (first use in this function)
conftest.c:75:1: note: each undeclared identifier is reported only once for each function it appears in
configure:10874: $? = 1
configure: failed program was:
| /* confdefs.h */
| #define PACKAGE_NAME ""
| #define PACKAGE_TARNAME ""
| #define PACKAGE_VERSION ""
| #define PACKAGE_STRING ""
| #define PACKAGE_BUGREPORT ""
| #define PACKAGE_URL ""
| #define UNIX 1
| #define STDC_HEADERS 1
| #define HAVE_SYS_WAIT_H 1
| #define HAVE_SELINUX 1
| #define FEAT_HUGE 1
| #define USE_XSMP_INTERACT 1
| #define FEAT_PYTHON 1
| #define HAVE_LIBNSL 1
| #define FEAT_NETBEANS_INTG 1
| #define HAVE_X11 1
| #define HAVE_GTK_MULTIHEAD 1
| #define HAVE_X11_SM_SMLIB_H 1
| #define HAVE_X11_XPM_H 1
| #define HAVE_X11_SUNKEYSYM_H 1
| #define FEAT_XIM 1
| #define HAVE_DATE_TIME 1
| #define HAVE_ATTRIBUTE_UNUSED 1
| #define HAVE_DIRENT_H 1
| #define HAVE_STDARG_H 1
| #define HAVE_STDINT_H 1
| #define HAVE_STDLIB_H 1
| #define HAVE_STRING_H 1
| #define HAVE_SYS_SELECT_H 1
| #define HAVE_SYS_UTSNAME_H 1
| #define HAVE_FCNTL_H 1
| #define HAVE_SGTTY_H 1
| #define HAVE_SYS_IOCTL_H 1
| #define HAVE_SYS_TIME_H 1
| #define HAVE_SYS_TYPES_H 1
| #define HAVE_TERMIO_H 1
| #define HAVE_ICONV_H 1
| #define HAVE_INTTYPES_H 1
| #define HAVE_LANGINFO_H 1
| #define HAVE_MATH_H 1
| #define HAVE_UNISTD_H 1
| #define HAVE_STROPTS_H 1
| #define HAVE_ERRNO_H 1
| #define HAVE_SYS_RESOURCE_H 1
| #define HAVE_LOCALE_H 1
| #define HAVE_TERMIOS_H 1
| #define HAVE_SYS_STATFS_H 1
| #define HAVE_POLL_H 1
| #define HAVE_SYS_POLL_H 1
| #define HAVE_PWD_H 1
| #define HAVE_UTIME_H 1
| #define HAVE_SYS_PARAM_H 1
| #define HAVE_LIBINTL_H 1
| #define HAVE_LIBGEN_H 1
| #define HAVE_SYS_ACL_H 1
| #define HAVE_SYS_SYSINFO_H 1
| #define HAVE_WCHAR_H 1
| #define HAVE_WCTYPE_H 1
| #define HAVE_SYS_SYSCTL_H 1
| #define HAVE_STRINGS_H 1
| #define TIME_WITH_SYS_TIME 1
| #define HAVE_LIBTINFO 1
| #define TERMINFO 1
| #define TGETENT_ZERO_ERR 0
| /* end confdefs.h.  */
| 
| #ifdef HAVE_TERMCAP_H
| # include <termcap.h>
| #endif
| 
| int
| main ()
| {
| ospeed = 20000
|   ;
|   return 0;
| }
configure:10879: result: no
configure:10881: checking whether ospeed can be extern
configure:10899: gcc -o conftest -g -O2   -L/usr/local/lib conftest.c -ltinfo -lnsl  -lselinux  >&5
configure:10899: $? = 0
configure:10900: result: yes
configure:10914: checking whether termcap.h contains UP, BC and PC
configure:10931: gcc -o conftest -g -O2   -L/usr/local/lib conftest.c -ltinfo -lnsl  -lselinux  >&5
conftest.c: In function 'main':
conftest.c:76:5: error: 'UP' undeclared (first use in this function)
conftest.c:76:5: note: each undeclared identifier is reported only once for each function it appears in
conftest.c:76:16: error: 'BC' undeclared (first use in this function)
conftest.c:76:25: error: 'PC' undeclared (first use in this function)
configure:10931: $? = 1
configure: failed program was:
| /* confdefs.h */
| #define PACKAGE_NAME ""
| #define PACKAGE_TARNAME ""
| #define PACKAGE_VERSION ""
| #define PACKAGE_STRING ""
| #define PACKAGE_BUGREPORT ""
| #define PACKAGE_URL ""
| #define UNIX 1
| #define STDC_HEADERS 1
| #define HAVE_SYS_WAIT_H 1
| #define HAVE_SELINUX 1
| #define FEAT_HUGE 1
| #define USE_XSMP_INTERACT 1
| #define FEAT_PYTHON 1
| #define HAVE_LIBNSL 1
| #define FEAT_NETBEANS_INTG 1
| #define HAVE_X11 1
| #define HAVE_GTK_MULTIHEAD 1
| #define HAVE_X11_SM_SMLIB_H 1
| #define HAVE_X11_XPM_H 1
| #define HAVE_X11_SUNKEYSYM_H 1
| #define FEAT_XIM 1
| #define HAVE_DATE_TIME 1
| #define HAVE_ATTRIBUTE_UNUSED 1
| #define HAVE_DIRENT_H 1
| #define HAVE_STDARG_H 1
| #define HAVE_STDINT_H 1
| #define HAVE_STDLIB_H 1
| #define HAVE_STRING_H 1
| #define HAVE_SYS_SELECT_H 1
| #define HAVE_SYS_UTSNAME_H 1
| #define HAVE_FCNTL_H 1
| #define HAVE_SGTTY_H 1
| #define HAVE_SYS_IOCTL_H 1
| #define HAVE_SYS_TIME_H 1
| #define HAVE_SYS_TYPES_H 1
| #define HAVE_TERMIO_H 1
| #define HAVE_ICONV_H 1
| #define HAVE_INTTYPES_H 1
| #define HAVE_LANGINFO_H 1
| #define HAVE_MATH_H 1
| #define HAVE_UNISTD_H 1
| #define HAVE_STROPTS_H 1
| #define HAVE_ERRNO_H 1
| #define HAVE_SYS_RESOURCE_H 1
| #define HAVE_LOCALE_H 1
| #define HAVE_TERMIOS_H 1
| #define HAVE_SYS_STATFS_H 1
| #define HAVE_POLL_H 1
| #define HAVE_SYS_POLL_H 1
| #define HAVE_PWD_H 1
| #define HAVE_UTIME_H 1
| #define HAVE_SYS_PARAM_H 1
| #define HAVE_LIBINTL_H 1
| #define HAVE_LIBGEN_H 1
| #define HAVE_SYS_ACL_H 1
| #define HAVE_SYS_SYSINFO_H 1
| #define HAVE_WCHAR_H 1
| #define HAVE_WCTYPE_H 1
| #define HAVE_SYS_SYSCTL_H 1
| #define HAVE_STRINGS_H 1
| #define TIME_WITH_SYS_TIME 1
| #define HAVE_LIBTINFO 1
| #define TERMINFO 1
| #define TGETENT_ZERO_ERR 0
| #define OSPEED_EXTERN 1
| /* end confdefs.h.  */
| 
| #ifdef HAVE_TERMCAP_H
| # include <termcap.h>
| #endif
| 
| int
| main ()
| {
| if (UP == 0 && BC == 0) PC = 1
|   ;
|   return 0;
| }
configure:10936: result: no
configure:10938: checking whether UP, BC and PC can be extern
configure:10956: gcc -o conftest -g -O2   -L/usr/local/lib conftest.c -ltinfo -lnsl  -lselinux  >&5
configure:10956: $? = 0
configure:10957: result: yes
configure:10971: checking whether tputs() uses outfuntype
configure:10988: gcc -c -g -O2  conftest.c >&5
conftest.c: In function 'main':
conftest.c:77:36: error: 'outfuntype' undeclared (first use in this function)
conftest.c:77:36: note: each undeclared identifier is reported only once for each function it appears in
conftest.c:77:47: error: expected ')' before 'xx'
configure:10988: $? = 1
configure: failed program was:
| /* confdefs.h */
| #define PACKAGE_NAME ""
| #define PACKAGE_TARNAME ""
| #define PACKAGE_VERSION ""
| #define PACKAGE_STRING ""
| #define PACKAGE_BUGREPORT ""
| #define PACKAGE_URL ""
| #define UNIX 1
| #define STDC_HEADERS 1
| #define HAVE_SYS_WAIT_H 1
| #define HAVE_SELINUX 1
| #define FEAT_HUGE 1
| #define USE_XSMP_INTERACT 1
| #define FEAT_PYTHON 1
| #define HAVE_LIBNSL 1
| #define FEAT_NETBEANS_INTG 1
| #define HAVE_X11 1
| #define HAVE_GTK_MULTIHEAD 1
| #define HAVE_X11_SM_SMLIB_H 1
| #define HAVE_X11_XPM_H 1
| #define HAVE_X11_SUNKEYSYM_H 1
| #define FEAT_XIM 1
| #define HAVE_DATE_TIME 1
| #define HAVE_ATTRIBUTE_UNUSED 1
| #define HAVE_DIRENT_H 1
| #define HAVE_STDARG_H 1
| #define HAVE_STDINT_H 1
| #define HAVE_STDLIB_H 1
| #define HAVE_STRING_H 1
| #define HAVE_SYS_SELECT_H 1
| #define HAVE_SYS_UTSNAME_H 1
| #define HAVE_FCNTL_H 1
| #define HAVE_SGTTY_H 1
| #define HAVE_SYS_IOCTL_H 1
| #define HAVE_SYS_TIME_H 1
| #define HAVE_SYS_TYPES_H 1
| #define HAVE_TERMIO_H 1
| #define HAVE_ICONV_H 1
| #define HAVE_INTTYPES_H 1
| #define HAVE_LANGINFO_H 1
| #define HAVE_MATH_H 1
| #define HAVE_UNISTD_H 1
| #define HAVE_STROPTS_H 1
| #define HAVE_ERRNO_H 1
| #define HAVE_SYS_RESOURCE_H 1
| #define HAVE_LOCALE_H 1
| #define HAVE_TERMIOS_H 1
| #define HAVE_SYS_STATFS_H 1
| #define HAVE_POLL_H 1
| #define HAVE_SYS_POLL_H 1
| #define HAVE_PWD_H 1
| #define HAVE_UTIME_H 1
| #define HAVE_SYS_PARAM_H 1
| #define HAVE_LIBINTL_H 1
| #define HAVE_LIBGEN_H 1
| #define HAVE_SYS_ACL_H 1
| #define HAVE_SYS_SYSINFO_H 1
| #define HAVE_WCHAR_H 1
| #define HAVE_WCTYPE_H 1
| #define HAVE_SYS_SYSCTL_H 1
| #define HAVE_STRINGS_H 1
| #define TIME_WITH_SYS_TIME 1
| #define HAVE_LIBTINFO 1
| #define TERMINFO 1
| #define TGETENT_ZERO_ERR 0
| #define OSPEED_EXTERN 1
| #define UP_BC_PC_EXTERN 1
| /* end confdefs.h.  */
| 
| #ifdef HAVE_TERMCAP_H
| # include <termcap.h>
| #endif
| 
| int
| main ()
| {
| extern int xx(); tputs("test", 1, (outfuntype)xx)
|   ;
|   return 0;
| }
configure:10993: result: no
configure:10998: checking whether sys/select.h and sys/time.h may both be included
configure:11014: gcc -c -g -O2  conftest.c >&5
configure:11014: $? = 0
configure:11015: result: yes
configure:11026: checking for /dev/ptc
configure:11034: result: no
configure:11038: checking for SVR4 ptys
configure:11052: gcc -o conftest -g -O2   -L/usr/local/lib conftest.c -ltinfo -lnsl  -lselinux  >&5
configure:11052: $? = 0
configure:11053: result: yes
configure:11067: checking for ptyranges
configure:11103: result: don't know
configure:11108: checking default tty permissions/group
configure:11187: result: world
configure:11205: checking return type of signal handlers
configure:11230: result: void
configure:11247: checking for struct sigcontext
configure:11267: gcc -c -g -O2  conftest.c >&5
configure:11267: $? = 0
configure:11268: result: yes
configure:11278: checking getcwd implementation is broken
configure:11321: result: no
configure:11338: checking for bcmp
configure:11338: result: yes
configure:11338: checking for fchdir
configure:11338: result: yes
configure:11338: checking for fchown
configure:11338: result: yes
configure:11338: checking for fsync
configure:11338: result: yes
configure:11338: checking for getcwd
configure:11338: result: yes
configure:11338: checking for getpseudotty
configure:11338: result: no
configure:11338: checking for getpwent
configure:11338: result: yes
configure:11338: checking for getpwnam
configure:11338: result: yes
configure:11338: checking for getpwuid
configure:11338: result: yes
configure:11338: checking for getrlimit
configure:11338: result: yes
configure:11338: checking for gettimeofday
configure:11338: result: yes
configure:11338: checking for getwd
configure:11338: result: yes
configure:11338: checking for lstat
configure:11338: result: yes
configure:11338: checking for memcmp
configure:11338: result: yes
configure:11338: checking for memset
configure:11338: result: yes
configure:11338: checking for mkdtemp
configure:11338: result: yes
configure:11338: checking for nanosleep
configure:11338: result: yes
configure:11338: checking for opendir
configure:11338: result: yes
configure:11338: checking for putenv
configure:11338: result: yes
configure:11338: checking for qsort
configure:11338: result: yes
configure:11338: checking for readlink
configure:11338: result: yes
configure:11338: checking for select
configure:11338: result: yes
configure:11338: checking for setenv
configure:11338: result: yes
configure:11338: checking for setpgid
configure:11338: result: yes
configure:11338: checking for setsid
configure:11338: result: yes
configure:11338: checking for sigaltstack
configure:11338: result: yes
configure:11338: checking for sigstack
configure:11338: result: yes
configure:11338: checking for sigset
configure:11338: result: yes
configure:11338: checking for sigsetjmp
configure:11338: result: no
configure:11338: checking for sigaction
configure:11338: result: yes
configure:11338: checking for sigvec
configure:11338: result: yes
configure:11338: checking for strcasecmp
configure:11338: result: yes
configure:11338: checking for strerror
configure:11338: result: yes
configure:11338: checking for strftime
configure:11338: result: yes
configure:11338: checking for stricmp
configure:11338: result: no
configure:11338: checking for strncasecmp
configure:11338: result: yes
configure:11338: checking for strnicmp
configure:11338: result: no
configure:11338: checking for strpbrk
configure:11338: result: yes
configure:11338: checking for strtol
configure:11338: result: yes
configure:11338: checking for tgetent
configure:11338: result: yes
configure:11338: checking for towlower
configure:11338: result: yes
configure:11338: checking for towupper
configure:11338: result: yes
configure:11338: checking for iswupper
configure:11338: result: yes
configure:11338: checking for usleep
configure:11338: result: yes
configure:11338: checking for utime
configure:11338: result: yes
configure:11338: checking for utimes
configure:11338: result: yes
configure:11347: checking for _LARGEFILE_SOURCE value needed for large files
configure:11394: result: no
configure:11423: checking for special C compiler options needed for large files
configure:11468: result: no
configure:11474: checking for _FILE_OFFSET_BITS value needed for large files
configure:11531: result: no
configure:11617: checking for st_blksize
configure:11635: gcc -c -g -O2  conftest.c >&5
configure:11635: $? = 0
configure:11636: result: yes
configure:11645: checking whether stat() ignores a trailing slash
configure:11684: result: no
configure:11692: checking for iconv_open()
configure:11711: gcc -o conftest -g -O2   -L/usr/local/lib conftest.c -ltinfo -lnsl  -lselinux  -liconv >&5
/usr/bin/ld: cannot find -liconv
collect2: error: ld returned 1 exit status
configure:11711: $? = 1
configure: failed program was:
| /* confdefs.h */
| #define PACKAGE_NAME ""
| #define PACKAGE_TARNAME ""
| #define PACKAGE_VERSION ""
| #define PACKAGE_STRING ""
| #define PACKAGE_BUGREPORT ""
| #define PACKAGE_URL ""
| #define UNIX 1
| #define STDC_HEADERS 1
| #define HAVE_SYS_WAIT_H 1
| #define HAVE_SELINUX 1
| #define FEAT_HUGE 1
| #define USE_XSMP_INTERACT 1
| #define FEAT_PYTHON 1
| #define HAVE_LIBNSL 1
| #define FEAT_NETBEANS_INTG 1
| #define HAVE_X11 1
| #define HAVE_GTK_MULTIHEAD 1
| #define HAVE_X11_SM_SMLIB_H 1
| #define HAVE_X11_XPM_H 1
| #define HAVE_X11_SUNKEYSYM_H 1
| #define FEAT_XIM 1
| #define HAVE_DATE_TIME 1
| #define HAVE_ATTRIBUTE_UNUSED 1
| #define HAVE_DIRENT_H 1
| #define HAVE_STDARG_H 1
| #define HAVE_STDINT_H 1
| #define HAVE_STDLIB_H 1
| #define HAVE_STRING_H 1
| #define HAVE_SYS_SELECT_H 1
| #define HAVE_SYS_UTSNAME_H 1
| #define HAVE_FCNTL_H 1
| #define HAVE_SGTTY_H 1
| #define HAVE_SYS_IOCTL_H 1
| #define HAVE_SYS_TIME_H 1
| #define HAVE_SYS_TYPES_H 1
| #define HAVE_TERMIO_H 1
| #define HAVE_ICONV_H 1
| #define HAVE_INTTYPES_H 1
| #define HAVE_LANGINFO_H 1
| #define HAVE_MATH_H 1
| #define HAVE_UNISTD_H 1
| #define HAVE_STROPTS_H 1
| #define HAVE_ERRNO_H 1
| #define HAVE_SYS_RESOURCE_H 1
| #define HAVE_LOCALE_H 1
| #define HAVE_TERMIOS_H 1
| #define HAVE_SYS_STATFS_H 1
| #define HAVE_POLL_H 1
| #define HAVE_SYS_POLL_H 1
| #define HAVE_PWD_H 1
| #define HAVE_UTIME_H 1
| #define HAVE_SYS_PARAM_H 1
| #define HAVE_LIBINTL_H 1
| #define HAVE_LIBGEN_H 1
| #define HAVE_SYS_ACL_H 1
| #define HAVE_SYS_SYSINFO_H 1
| #define HAVE_WCHAR_H 1
| #define HAVE_WCTYPE_H 1
| #define HAVE_SYS_SYSCTL_H 1
| #define HAVE_STRINGS_H 1
| #define TIME_WITH_SYS_TIME 1
| #define HAVE_LIBTINFO 1
| #define TERMINFO 1
| #define TGETENT_ZERO_ERR 0
| #define OSPEED_EXTERN 1
| #define UP_BC_PC_EXTERN 1
| #define SYS_SELECT_WITH_SYS_TIME 1
| #define HAVE_SVR4_PTYS 1
| #define RETSIGTYPE void
| #define SIGRETURN return
| #define HAVE_SIGCONTEXT 1
| #define HAVE_BCMP 1
| #define HAVE_FCHDIR 1
| #define HAVE_FCHOWN 1
| #define HAVE_FSYNC 1
| #define HAVE_GETCWD 1
| #define HAVE_GETPWENT 1
| #define HAVE_GETPWNAM 1
| #define HAVE_GETPWUID 1
| #define HAVE_GETRLIMIT 1
| #define HAVE_GETTIMEOFDAY 1
| #define HAVE_GETWD 1
| #define HAVE_LSTAT 1
| #define HAVE_MEMCMP 1
| #define HAVE_MEMSET 1
| #define HAVE_MKDTEMP 1
| #define HAVE_NANOSLEEP 1
| #define HAVE_OPENDIR 1
| #define HAVE_PUTENV 1
| #define HAVE_QSORT 1
| #define HAVE_READLINK 1
| #define HAVE_SELECT 1
| #define HAVE_SETENV 1
| #define HAVE_SETPGID 1
| #define HAVE_SETSID 1
| #define HAVE_SIGALTSTACK 1
| #define HAVE_SIGSTACK 1
| #define HAVE_SIGSET 1
| #define HAVE_SIGACTION 1
| #define HAVE_SIGVEC 1
| #define HAVE_STRCASECMP 1
| #define HAVE_STRERROR 1
| #define HAVE_STRFTIME 1
| #define HAVE_STRNCASECMP 1
| #define HAVE_STRPBRK 1
| #define HAVE_STRTOL 1
| #define HAVE_TGETENT 1
| #define HAVE_TOWLOWER 1
| #define HAVE_TOWUPPER 1
| #define HAVE_ISWUPPER 1
| #define HAVE_USLEEP 1
| #define HAVE_UTIME 1
| #define HAVE_UTIMES 1
| #define HAVE_FSEEKO 1
| #define HAVE_ST_BLKSIZE 1
| /* end confdefs.h.  */
| 
| #ifdef HAVE_ICONV_H
| # include <iconv.h>
| #endif
| 
| int
| main ()
| {
| iconv_open("fr", "to");
|   ;
|   return 0;
| }
configure:11732: gcc -o conftest -g -O2   -L/usr/local/lib conftest.c -ltinfo -lnsl  -lselinux  >&5
configure:11732: $? = 0
configure:11733: result: yes
configure:11747: checking for nl_langinfo(CODESET)
configure:11764: gcc -o conftest -g -O2   -L/usr/local/lib conftest.c -ltinfo -lnsl  -lselinux  >&5
configure:11764: $? = 0
configure:11765: result: yes
configure:11775: checking for strtod in -lm
configure:11809: result: yes
configure:11820: checking for strtod() and other floating point functions
configure:11852: gcc -o conftest -g -O2   -L/usr/local/lib conftest.c -lm -ltinfo -lnsl  -lselinux  >&5
configure:11852: $? = 0
configure:11853: result: yes
configure:11863: checking --disable-acl argument
configure:11873: result: no
configure:11875: checking for acl_get_file in -lposix1e
configure:11909: result: no
configure:11914: checking for acl_get_file in -lacl
configure:11948: result: yes
configure:11952: checking for fgetxattr in -lattr
configure:11986: result: yes
configure:11997: checking for POSIX ACL support
configure:12017: gcc -o conftest -g -O2   -L/usr/local/lib conftest.c -lm -ltinfo -lnsl  -lselinux  -lacl -lattr >&5
configure:12017: $? = 0
configure:12018: result: yes
configure:12028: checking for acl_get in -lsec
configure:12062: result: no
configure:12068: checking for Solaris ACL support
configure:12085: gcc -o conftest -g -O2   -L/usr/local/lib conftest.c -lm -ltinfo -lnsl  -lselinux  -lacl -lattr >&5
conftest.c: In function 'main':
conftest.c:130:12: error: 'GETACLCNT' undeclared (first use in this function)
conftest.c:130:12: note: each undeclared identifier is reported only once for each function it appears in
conftest.c:130:26: error: 'NULL' undeclared (first use in this function)
configure:12085: $? = 1
configure: failed program was:
| /* confdefs.h */
| #define PACKAGE_NAME ""
| #define PACKAGE_TARNAME ""
| #define PACKAGE_VERSION ""
| #define PACKAGE_STRING ""
| #define PACKAGE_BUGREPORT ""
| #define PACKAGE_URL ""
| #define UNIX 1
| #define STDC_HEADERS 1
| #define HAVE_SYS_WAIT_H 1
| #define HAVE_SELINUX 1
| #define FEAT_HUGE 1
| #define USE_XSMP_INTERACT 1
| #define FEAT_PYTHON 1
| #define HAVE_LIBNSL 1
| #define FEAT_NETBEANS_INTG 1
| #define HAVE_X11 1
| #define HAVE_GTK_MULTIHEAD 1
| #define HAVE_X11_SM_SMLIB_H 1
| #define HAVE_X11_XPM_H 1
| #define HAVE_X11_SUNKEYSYM_H 1
| #define FEAT_XIM 1
| #define HAVE_DATE_TIME 1
| #define HAVE_ATTRIBUTE_UNUSED 1
| #define HAVE_DIRENT_H 1
| #define HAVE_STDARG_H 1
| #define HAVE_STDINT_H 1
| #define HAVE_STDLIB_H 1
| #define HAVE_STRING_H 1
| #define HAVE_SYS_SELECT_H 1
| #define HAVE_SYS_UTSNAME_H 1
| #define HAVE_FCNTL_H 1
| #define HAVE_SGTTY_H 1
| #define HAVE_SYS_IOCTL_H 1
| #define HAVE_SYS_TIME_H 1
| #define HAVE_SYS_TYPES_H 1
| #define HAVE_TERMIO_H 1
| #define HAVE_ICONV_H 1
| #define HAVE_INTTYPES_H 1
| #define HAVE_LANGINFO_H 1
| #define HAVE_MATH_H 1
| #define HAVE_UNISTD_H 1
| #define HAVE_STROPTS_H 1
| #define HAVE_ERRNO_H 1
| #define HAVE_SYS_RESOURCE_H 1
| #define HAVE_LOCALE_H 1
| #define HAVE_TERMIOS_H 1
| #define HAVE_SYS_STATFS_H 1
| #define HAVE_POLL_H 1
| #define HAVE_SYS_POLL_H 1
| #define HAVE_PWD_H 1
| #define HAVE_UTIME_H 1
| #define HAVE_SYS_PARAM_H 1
| #define HAVE_LIBINTL_H 1
| #define HAVE_LIBGEN_H 1
| #define HAVE_SYS_ACL_H 1
| #define HAVE_SYS_SYSINFO_H 1
| #define HAVE_WCHAR_H 1
| #define HAVE_WCTYPE_H 1
| #define HAVE_SYS_SYSCTL_H 1
| #define HAVE_STRINGS_H 1
| #define TIME_WITH_SYS_TIME 1
| #define HAVE_LIBTINFO 1
| #define TERMINFO 1
| #define TGETENT_ZERO_ERR 0
| #define OSPEED_EXTERN 1
| #define UP_BC_PC_EXTERN 1
| #define SYS_SELECT_WITH_SYS_TIME 1
| #define HAVE_SVR4_PTYS 1
| #define RETSIGTYPE void
| #define SIGRETURN return
| #define HAVE_SIGCONTEXT 1
| #define HAVE_BCMP 1
| #define HAVE_FCHDIR 1
| #define HAVE_FCHOWN 1
| #define HAVE_FSYNC 1
| #define HAVE_GETCWD 1
| #define HAVE_GETPWENT 1
| #define HAVE_GETPWNAM 1
| #define HAVE_GETPWUID 1
| #define HAVE_GETRLIMIT 1
| #define HAVE_GETTIMEOFDAY 1
| #define HAVE_GETWD 1
| #define HAVE_LSTAT 1
| #define HAVE_MEMCMP 1
| #define HAVE_MEMSET 1
| #define HAVE_MKDTEMP 1
| #define HAVE_NANOSLEEP 1
| #define HAVE_OPENDIR 1
| #define HAVE_PUTENV 1
| #define HAVE_QSORT 1
| #define HAVE_READLINK 1
| #define HAVE_SELECT 1
| #define HAVE_SETENV 1
| #define HAVE_SETPGID 1
| #define HAVE_SETSID 1
| #define HAVE_SIGALTSTACK 1
| #define HAVE_SIGSTACK 1
| #define HAVE_SIGSET 1
| #define HAVE_SIGACTION 1
| #define HAVE_SIGVEC 1
| #define HAVE_STRCASECMP 1
| #define HAVE_STRERROR 1
| #define HAVE_STRFTIME 1
| #define HAVE_STRNCASECMP 1
| #define HAVE_STRPBRK 1
| #define HAVE_STRTOL 1
| #define HAVE_TGETENT 1
| #define HAVE_TOWLOWER 1
| #define HAVE_TOWUPPER 1
| #define HAVE_ISWUPPER 1
| #define HAVE_USLEEP 1
| #define HAVE_UTIME 1
| #define HAVE_UTIMES 1
| #define HAVE_FSEEKO 1
| #define HAVE_ST_BLKSIZE 1
| #define HAVE_ICONV 1
| #define HAVE_NL_LANGINFO_CODESET 1
| #define HAVE_LIBM 1
| #define HAVE_FLOAT_FUNCS 1
| #define HAVE_POSIX_ACL 1
| /* end confdefs.h.  */
| 
| #ifdef HAVE_SYS_ACL_H
| # include <sys/acl.h>
| #endif
| int
| main ()
| {
| acl("foo", GETACLCNT, 0, NULL);
| 
|   ;
|   return 0;
| }
configure:12090: result: no
configure:12098: checking for AIX ACL support
configure:12130: gcc -o conftest -g -O2   -L/usr/local/lib conftest.c -lm -ltinfo -lnsl  -lselinux  -lacl -lattr >&5
conftest.c: In function 'main':
conftest.c:143:18: error: invalid application of 'sizeof' to incomplete type 'struct acl'
conftest.c:145:17: error: 'STX_NORMAL' undeclared (first use in this function)
conftest.c:145:17: note: each undeclared identifier is reported only once for each function it appears in
configure:12130: $? = 1
configure: failed program was:
| /* confdefs.h */
| #define PACKAGE_NAME ""
| #define PACKAGE_TARNAME ""
| #define PACKAGE_VERSION ""
| #define PACKAGE_STRING ""
| #define PACKAGE_BUGREPORT ""
| #define PACKAGE_URL ""
| #define UNIX 1
| #define STDC_HEADERS 1
| #define HAVE_SYS_WAIT_H 1
| #define HAVE_SELINUX 1
| #define FEAT_HUGE 1
| #define USE_XSMP_INTERACT 1
| #define FEAT_PYTHON 1
| #define HAVE_LIBNSL 1
| #define FEAT_NETBEANS_INTG 1
| #define HAVE_X11 1
| #define HAVE_GTK_MULTIHEAD 1
| #define HAVE_X11_SM_SMLIB_H 1
| #define HAVE_X11_XPM_H 1
| #define HAVE_X11_SUNKEYSYM_H 1
| #define FEAT_XIM 1
| #define HAVE_DATE_TIME 1
| #define HAVE_ATTRIBUTE_UNUSED 1
| #define HAVE_DIRENT_H 1
| #define HAVE_STDARG_H 1
| #define HAVE_STDINT_H 1
| #define HAVE_STDLIB_H 1
| #define HAVE_STRING_H 1
| #define HAVE_SYS_SELECT_H 1
| #define HAVE_SYS_UTSNAME_H 1
| #define HAVE_FCNTL_H 1
| #define HAVE_SGTTY_H 1
| #define HAVE_SYS_IOCTL_H 1
| #define HAVE_SYS_TIME_H 1
| #define HAVE_SYS_TYPES_H 1
| #define HAVE_TERMIO_H 1
| #define HAVE_ICONV_H 1
| #define HAVE_INTTYPES_H 1
| #define HAVE_LANGINFO_H 1
| #define HAVE_MATH_H 1
| #define HAVE_UNISTD_H 1
| #define HAVE_STROPTS_H 1
| #define HAVE_ERRNO_H 1
| #define HAVE_SYS_RESOURCE_H 1
| #define HAVE_LOCALE_H 1
| #define HAVE_TERMIOS_H 1
| #define HAVE_SYS_STATFS_H 1
| #define HAVE_POLL_H 1
| #define HAVE_SYS_POLL_H 1
| #define HAVE_PWD_H 1
| #define HAVE_UTIME_H 1
| #define HAVE_SYS_PARAM_H 1
| #define HAVE_LIBINTL_H 1
| #define HAVE_LIBGEN_H 1
| #define HAVE_SYS_ACL_H 1
| #define HAVE_SYS_SYSINFO_H 1
| #define HAVE_WCHAR_H 1
| #define HAVE_WCTYPE_H 1
| #define HAVE_SYS_SYSCTL_H 1
| #define HAVE_STRINGS_H 1
| #define TIME_WITH_SYS_TIME 1
| #define HAVE_LIBTINFO 1
| #define TERMINFO 1
| #define TGETENT_ZERO_ERR 0
| #define OSPEED_EXTERN 1
| #define UP_BC_PC_EXTERN 1
| #define SYS_SELECT_WITH_SYS_TIME 1
| #define HAVE_SVR4_PTYS 1
| #define RETSIGTYPE void
| #define SIGRETURN return
| #define HAVE_SIGCONTEXT 1
| #define HAVE_BCMP 1
| #define HAVE_FCHDIR 1
| #define HAVE_FCHOWN 1
| #define HAVE_FSYNC 1
| #define HAVE_GETCWD 1
| #define HAVE_GETPWENT 1
| #define HAVE_GETPWNAM 1
| #define HAVE_GETPWUID 1
| #define HAVE_GETRLIMIT 1
| #define HAVE_GETTIMEOFDAY 1
| #define HAVE_GETWD 1
| #define HAVE_LSTAT 1
| #define HAVE_MEMCMP 1
| #define HAVE_MEMSET 1
| #define HAVE_MKDTEMP 1
| #define HAVE_NANOSLEEP 1
| #define HAVE_OPENDIR 1
| #define HAVE_PUTENV 1
| #define HAVE_QSORT 1
| #define HAVE_READLINK 1
| #define HAVE_SELECT 1
| #define HAVE_SETENV 1
| #define HAVE_SETPGID 1
| #define HAVE_SETSID 1
| #define HAVE_SIGALTSTACK 1
| #define HAVE_SIGSTACK 1
| #define HAVE_SIGSET 1
| #define HAVE_SIGACTION 1
| #define HAVE_SIGVEC 1
| #define HAVE_STRCASECMP 1
| #define HAVE_STRERROR 1
| #define HAVE_STRFTIME 1
| #define HAVE_STRNCASECMP 1
| #define HAVE_STRPBRK 1
| #define HAVE_STRTOL 1
| #define HAVE_TGETENT 1
| #define HAVE_TOWLOWER 1
| #define HAVE_TOWUPPER 1
| #define HAVE_ISWUPPER 1
| #define HAVE_USLEEP 1
| #define HAVE_UTIME 1
| #define HAVE_UTIMES 1
| #define HAVE_FSEEKO 1
| #define HAVE_ST_BLKSIZE 1
| #define HAVE_ICONV 1
| #define HAVE_NL_LANGINFO_CODESET 1
| #define HAVE_LIBM 1
| #define HAVE_FLOAT_FUNCS 1
| #define HAVE_POSIX_ACL 1
| /* end confdefs.h.  */
| 
| #if STDC_HEADERS
| # include <stdlib.h>
| # include <stddef.h>
| #endif
| #ifdef HAVE_SYS_ACL_H
| # include <sys/acl.h>
| #endif
| #ifdef HAVE_SYS_ACCESS_H
| # include <sys/access.h>
| #endif
| #define _ALL_SOURCE
| 
| #include <sys/stat.h>
| 
| int aclsize;
| struct acl *aclent;
| int
| main ()
| {
| aclsize = sizeof(struct acl);
| 	aclent = (void *)malloc(aclsize);
| 	statacl("foo", STX_NORMAL, aclent, aclsize);
| 
|   ;
|   return 0;
| }
configure:12135: result: no
configure:12145: checking --disable-gpm argument
configure:12156: result: no
configure:12158: checking for gpm
configure:12186: result: yes
configure:12198: checking --disable-sysmouse argument
configure:12209: result: no
configure:12211: checking for sysmouse
configure:12242: result: no
configure:12253: checking for FD_CLOEXEC
configure:12268: gcc -c -g -O2  conftest.c >&5
configure:12268: $? = 0
configure:12269: result: yes
configure:12278: checking for rename
configure:12291: gcc -o conftest -g -O2   -L/usr/local/lib conftest.c -lm -ltinfo -lnsl  -lselinux  -lacl -lattr -lgpm >&5
configure:12291: $? = 0
configure:12292: result: yes
configure:12302: checking for sysctl
configure:12323: gcc -c -g -O2  conftest.c >&5
conftest.c: In function 'main':
conftest.c:134:11: error: 'CTL_HW' undeclared (first use in this function)
conftest.c:134:11: note: each undeclared identifier is reported only once for each function it appears in
conftest.c:135:11: error: 'HW_USERMEM' undeclared (first use in this function)
configure:12323: $? = 1
configure: failed program was:
| /* confdefs.h */
| #define PACKAGE_NAME ""
| #define PACKAGE_TARNAME ""
| #define PACKAGE_VERSION ""
| #define PACKAGE_STRING ""
| #define PACKAGE_BUGREPORT ""
| #define PACKAGE_URL ""
| #define UNIX 1
| #define STDC_HEADERS 1
| #define HAVE_SYS_WAIT_H 1
| #define HAVE_SELINUX 1
| #define FEAT_HUGE 1
| #define USE_XSMP_INTERACT 1
| #define FEAT_PYTHON 1
| #define HAVE_LIBNSL 1
| #define FEAT_NETBEANS_INTG 1
| #define HAVE_X11 1
| #define HAVE_GTK_MULTIHEAD 1
| #define HAVE_X11_SM_SMLIB_H 1
| #define HAVE_X11_XPM_H 1
| #define HAVE_X11_SUNKEYSYM_H 1
| #define FEAT_XIM 1
| #define HAVE_DATE_TIME 1
| #define HAVE_ATTRIBUTE_UNUSED 1
| #define HAVE_DIRENT_H 1
| #define HAVE_STDARG_H 1
| #define HAVE_STDINT_H 1
| #define HAVE_STDLIB_H 1
| #define HAVE_STRING_H 1
| #define HAVE_SYS_SELECT_H 1
| #define HAVE_SYS_UTSNAME_H 1
| #define HAVE_FCNTL_H 1
| #define HAVE_SGTTY_H 1
| #define HAVE_SYS_IOCTL_H 1
| #define HAVE_SYS_TIME_H 1
| #define HAVE_SYS_TYPES_H 1
| #define HAVE_TERMIO_H 1
| #define HAVE_ICONV_H 1
| #define HAVE_INTTYPES_H 1
| #define HAVE_LANGINFO_H 1
| #define HAVE_MATH_H 1
| #define HAVE_UNISTD_H 1
| #define HAVE_STROPTS_H 1
| #define HAVE_ERRNO_H 1
| #define HAVE_SYS_RESOURCE_H 1
| #define HAVE_LOCALE_H 1
| #define HAVE_TERMIOS_H 1
| #define HAVE_SYS_STATFS_H 1
| #define HAVE_POLL_H 1
| #define HAVE_SYS_POLL_H 1
| #define HAVE_PWD_H 1
| #define HAVE_UTIME_H 1
| #define HAVE_SYS_PARAM_H 1
| #define HAVE_LIBINTL_H 1
| #define HAVE_LIBGEN_H 1
| #define HAVE_SYS_ACL_H 1
| #define HAVE_SYS_SYSINFO_H 1
| #define HAVE_WCHAR_H 1
| #define HAVE_WCTYPE_H 1
| #define HAVE_SYS_SYSCTL_H 1
| #define HAVE_STRINGS_H 1
| #define TIME_WITH_SYS_TIME 1
| #define HAVE_LIBTINFO 1
| #define TERMINFO 1
| #define TGETENT_ZERO_ERR 0
| #define OSPEED_EXTERN 1
| #define UP_BC_PC_EXTERN 1
| #define SYS_SELECT_WITH_SYS_TIME 1
| #define HAVE_SVR4_PTYS 1
| #define RETSIGTYPE void
| #define SIGRETURN return
| #define HAVE_SIGCONTEXT 1
| #define HAVE_BCMP 1
| #define HAVE_FCHDIR 1
| #define HAVE_FCHOWN 1
| #define HAVE_FSYNC 1
| #define HAVE_GETCWD 1
| #define HAVE_GETPWENT 1
| #define HAVE_GETPWNAM 1
| #define HAVE_GETPWUID 1
| #define HAVE_GETRLIMIT 1
| #define HAVE_GETTIMEOFDAY 1
| #define HAVE_GETWD 1
| #define HAVE_LSTAT 1
| #define HAVE_MEMCMP 1
| #define HAVE_MEMSET 1
| #define HAVE_MKDTEMP 1
| #define HAVE_NANOSLEEP 1
| #define HAVE_OPENDIR 1
| #define HAVE_PUTENV 1
| #define HAVE_QSORT 1
| #define HAVE_READLINK 1
| #define HAVE_SELECT 1
| #define HAVE_SETENV 1
| #define HAVE_SETPGID 1
| #define HAVE_SETSID 1
| #define HAVE_SIGALTSTACK 1
| #define HAVE_SIGSTACK 1
| #define HAVE_SIGSET 1
| #define HAVE_SIGACTION 1
| #define HAVE_SIGVEC 1
| #define HAVE_STRCASECMP 1
| #define HAVE_STRERROR 1
| #define HAVE_STRFTIME 1
| #define HAVE_STRNCASECMP 1
| #define HAVE_STRPBRK 1
| #define HAVE_STRTOL 1
| #define HAVE_TGETENT 1
| #define HAVE_TOWLOWER 1
| #define HAVE_TOWUPPER 1
| #define HAVE_ISWUPPER 1
| #define HAVE_USLEEP 1
| #define HAVE_UTIME 1
| #define HAVE_UTIMES 1
| #define HAVE_FSEEKO 1
| #define HAVE_ST_BLKSIZE 1
| #define HAVE_ICONV 1
| #define HAVE_NL_LANGINFO_CODESET 1
| #define HAVE_LIBM 1
| #define HAVE_FLOAT_FUNCS 1
| #define HAVE_POSIX_ACL 1
| #define HAVE_GPM 1
| #define HAVE_FD_CLOEXEC 1
| #define HAVE_RENAME 1
| /* end confdefs.h.  */
| #include <sys/types.h>
| #include <sys/sysctl.h>
| int
| main ()
| {
| 	int mib[2], r;
| 	size_t len;
| 
| 	mib[0] = CTL_HW;
| 	mib[1] = HW_USERMEM;
| 	len = sizeof(r);
| 	(void)sysctl(mib, 2, &r, &len, (void *)0, (size_t)0);
| 
|   ;
|   return 0;
| }
configure:12328: result: not usable
configure:12333: checking for sysinfo
configure:12352: gcc -c -g -O2  conftest.c >&5
configure:12352: $? = 0
configure:12353: result: yes
configure:12362: checking for sysinfo.mem_unit
configure:12378: gcc -c -g -O2  conftest.c >&5
configure:12378: $? = 0
configure:12379: result: yes
configure:12388: checking for sysconf
configure:12403: gcc -c -g -O2  conftest.c >&5
configure:12403: $? = 0
configure:12404: result: yes
configure:12417: checking size of int
configure:12436: result: 4
configure:12450: checking size of long
configure:12469: result: 8
configure:12483: checking size of time_t
configure:12502: result: 8
configure:12516: checking size of off_t
configure:12535: result: 8
configure:12555: checking uint32_t is 32 bits
configure:12577: gcc -o conftest -g -O2   -L/usr/local/lib conftest.c -lm -ltinfo -lnsl  -lselinux  -lacl -lattr -lgpm >&5
conftest.c: In function 'main':
conftest.c:145:69: warning: incompatible implicit declaration of built-in function 'exit' [enabled by default]
configure:12577: $? = 0
configure:12577: ./conftest
configure:12577: $? = 0
configure:12578: result: ok
configure:12611: checking whether memmove handles overlaps
configure:12641: result: yes
configure:12786: checking for _xpg4_setrunelocale in -lxpg4
configure:12820: result: no
configure:12827: checking how to create tags
auto/configure: line 12830: ctags: command not found
auto/configure: line 12832: exctags: command not found
auto/configure: line 12834: exuberant-ctags: command not found
auto/configure: line 12838: etags: command not found
auto/configure: line 12839: etags: command not found
auto/configure: line 12840: ctags: command not found
auto/configure: line 12841: ctags: command not found
auto/configure: line 12842: ctags: command not found
auto/configure: line 12843: ctags: command not found
auto/configure: line 12844: ctags: command not found
configure:12847: result: ctags
configure:12850: checking how to run man with a section nr
configure:12854: result: man -s
configure:12861: checking --disable-nls argument
configure:12872: result: no
configure:12882: checking for msgfmt
configure:12909: result: msgfmt
configure:12917: checking for NLS
configure:12935: gcc -o conftest -g -O2   -L/usr/local/lib conftest.c  >&5
configure:12935: $? = 0
configure:12936: result: gettext() works
configure:12976: checking for bind_textdomain_codeset
configure:12976: result: yes
configure:12985: checking for _nl_msg_cat_cntr
configure:12999: gcc -o conftest -g -O2   -L/usr/local/lib conftest.c -lm -ltinfo -lnsl  -lselinux  -lacl -lattr -lgpm >&5
configure:12999: $? = 0
configure:13000: result: yes
configure:13019: checking for dlfcn.h
configure:13019: result: yes
configure:13036: checking for dlopen()
configure:13052: gcc -o conftest -g -O2   -L/usr/local/lib conftest.c -lm -ltinfo -lnsl  -lselinux  -lacl -lattr -lgpm >&5
configure:13052: $? = 0
configure:13053: result: yes
configure:13095: checking for dlsym()
configure:13111: gcc -o conftest -g -O2   -L/usr/local/lib conftest.c -lm -ltinfo -lnsl  -lselinux  -lacl -lattr -lgpm >&5
configure:13111: $? = 0
configure:13112: result: yes
configure:13220: checking for setjmp.h
configure:13220: result: yes
configure:13260: checking for GCC 3 or later
configure:13265: result: yes
configure:13271: checking whether we need -D_FORTIFY_SOURCE=1
configure:13275: result: yes
configure:13284: checking linker --as-needed support
configure:13293: result: yes
configure:13423: creating auto/config.status

## ---------------------- ##
## Running config.status. ##
## ---------------------- ##

This file was extended by config.status, which was
generated by GNU Autoconf 2.69.  Invocation command line was

  CONFIG_FILES    = 
  CONFIG_HEADERS  = 
  CONFIG_LINKS    = 
  CONFIG_COMMANDS = 
  $ auto/config.status 

on crunchbang

config.status:1031: creating auto/config.mk
config.status:1031: creating auto/config.h
config.status:1201: auto/config.h is unchanged

## ---------------- ##
## Cache variables. ##
## ---------------- ##

ac_cv_c_bigendian=no
ac_cv_c_compiler_gnu=yes
ac_cv_c_const=yes
ac_cv_c_uint32_t=yes
ac_cv_c_volatile=yes
ac_cv_env_CC_set=
ac_cv_env_CC_value=
ac_cv_env_CFLAGS_set=
ac_cv_env_CFLAGS_value=
ac_cv_env_CPPFLAGS_set=
ac_cv_env_CPPFLAGS_value=
ac_cv_env_CPP_set=
ac_cv_env_CPP_value=
ac_cv_env_LDFLAGS_set=
ac_cv_env_LDFLAGS_value=
ac_cv_env_LIBS_set=
ac_cv_env_LIBS_value=
ac_cv_env_XMKMF_set=
ac_cv_env_XMKMF_value=
ac_cv_env_build_alias_set=
ac_cv_env_build_alias_value=
ac_cv_env_host_alias_set=
ac_cv_env_host_alias_value=
ac_cv_env_target_alias_set=
ac_cv_env_target_alias_value=
ac_cv_func_bcmp=yes
ac_cv_func_bind_textdomain_codeset=yes
ac_cv_func_connect=yes
ac_cv_func_fchdir=yes
ac_cv_func_fchown=yes
ac_cv_func_fsync=yes
ac_cv_func_getcwd=yes
ac_cv_func_gethostbyname=yes
ac_cv_func_getpseudotty=no
ac_cv_func_getpwent=yes
ac_cv_func_getpwnam=yes
ac_cv_func_getpwuid=yes
ac_cv_func_getrlimit=yes
ac_cv_func_gettimeofday=yes
ac_cv_func_getwd=yes
ac_cv_func_iswupper=yes
ac_cv_func_lstat=yes
ac_cv_func_memcmp=yes
ac_cv_func_memset=yes
ac_cv_func_mkdtemp=yes
ac_cv_func_nanosleep=yes
ac_cv_func_opendir=yes
ac_cv_func_putenv=yes
ac_cv_func_qsort=yes
ac_cv_func_readlink=yes
ac_cv_func_remove=yes
ac_cv_func_select=yes
ac_cv_func_setenv=yes
ac_cv_func_setpgid=yes
ac_cv_func_setsid=yes
ac_cv_func_shmat=yes
ac_cv_func_sigaction=yes
ac_cv_func_sigaltstack=yes
ac_cv_func_sigset=yes
ac_cv_func_sigsetjmp=no
ac_cv_func_sigstack=yes
ac_cv_func_sigvec=yes
ac_cv_func_strcasecmp=yes
ac_cv_func_strerror=yes
ac_cv_func_strftime=yes
ac_cv_func_stricmp=no
ac_cv_func_strncasecmp=yes
ac_cv_func_strnicmp=no
ac_cv_func_strpbrk=yes
ac_cv_func_strtol=yes
ac_cv_func_tgetent=yes
ac_cv_func_towlower=yes
ac_cv_func_towupper=yes
ac_cv_func_usleep=yes
ac_cv_func_utime=yes
ac_cv_func_utimes=yes
ac_cv_have_x='have_x=yes	ac_x_includes='\'''\''	ac_x_libraries='\'''\'''
ac_cv_header_AvailabilityMacros_h=no
ac_cv_header_X11_SM_SMlib_h=yes
ac_cv_header_X11_Sunkeysym_h=yes
ac_cv_header_X11_xpm_h=yes
ac_cv_header_attr_xattr_h=yes
ac_cv_header_dirent_dirent_h=yes
ac_cv_header_dlfcn_h=yes
ac_cv_header_elf_h=yes
ac_cv_header_errno_h=yes
ac_cv_header_fcntl_h=yes
ac_cv_header_frame_h=no
ac_cv_header_iconv_h=yes
ac_cv_header_inttypes_h=yes
ac_cv_header_langinfo_h=yes
ac_cv_header_libc_h=no
ac_cv_header_libgen_h=yes
ac_cv_header_libintl_h=yes
ac_cv_header_linux_xattr_h=yes
ac_cv_header_locale_h=yes
ac_cv_header_math_h=yes
ac_cv_header_poll_h=yes
ac_cv_header_pwd_h=yes
ac_cv_header_setjmp_h=yes
ac_cv_header_sgtty_h=yes
ac_cv_header_stdarg_h=yes
ac_cv_header_stdc=yes
ac_cv_header_stdint_h=yes
ac_cv_header_stdlib_h=yes
ac_cv_header_string_h=yes
ac_cv_header_strings_h=yes
ac_cv_header_stropts_h=yes
ac_cv_header_sys_access_h=no
ac_cv_header_sys_acl_h=yes
ac_cv_header_sys_ioctl_h=yes
ac_cv_header_sys_param_h=yes
ac_cv_header_sys_poll_h=yes
ac_cv_header_sys_ptem_h=no
ac_cv_header_sys_resource_h=yes
ac_cv_header_sys_select_h=yes
ac_cv_header_sys_statfs_h=yes
ac_cv_header_sys_stream_h=no
ac_cv_header_sys_sysctl_h=yes
ac_cv_header_sys_sysinfo_h=yes
ac_cv_header_sys_systeminfo_h=no
ac_cv_header_sys_time_h=yes
ac_cv_header_sys_types_h=yes
ac_cv_header_sys_utsname_h=yes
ac_cv_header_sys_wait_h=yes
ac_cv_header_termcap_h=no
ac_cv_header_termio_h=yes
ac_cv_header_termios_h=yes
ac_cv_header_time=yes
ac_cv_header_unistd_h=yes
ac_cv_header_util_debug_h=no
ac_cv_header_util_msg18n_h=no
ac_cv_header_utime_h=yes
ac_cv_header_wchar_h=yes
ac_cv_header_wctype_h=yes
ac_cv_lib_ICE_IceConnectionNumber=yes
ac_cv_lib_ICE_IceOpenConnection=yes
ac_cv_lib_Xdmcp__XdmcpAuthDoIt=yes
ac_cv_lib_Xpm_XpmCreatePixmapFromData=yes
ac_cv_lib_acl_acl_get_file=yes
ac_cv_lib_attr_fgetxattr=yes
ac_cv_lib_elf_main=no
ac_cv_lib_m_strtod=yes
ac_cv_lib_nsl_gethostbyname=yes
ac_cv_lib_posix1e_acl_get_file=no
ac_cv_lib_sec_acl_get=no
ac_cv_lib_selinux_is_selinux_enabled=yes
ac_cv_lib_socket_socket=no
ac_cv_lib_tinfo___tgetent=yes
ac_cv_lib_xpg4__xpg4_setrunelocale=no
ac_cv_objext=o
ac_cv_path_EGREP='/bin/grep -E'
ac_cv_path_FGREP='/bin/grep -F'
ac_cv_path_GREP=/bin/grep
ac_cv_path_PKG_CONFIG=/usr/bin/pkg-config
ac_cv_path_vi_cv_path_python=/usr/bin/python2
ac_cv_prog_AWK=mawk
ac_cv_prog_CPP='gcc -E'
ac_cv_prog_MSGFMT=msgfmt
ac_cv_prog_STRIP=strip
ac_cv_prog_ac_ct_CC=gcc
ac_cv_prog_cc_c89=
ac_cv_prog_cc_g=yes
ac_cv_prog_gcc_traditional=no
ac_cv_prog_make_make_set=yes
ac_cv_search_opendir='none required'
ac_cv_search_strerror='none required'
ac_cv_sizeof_int=4
ac_cv_sizeof_long=8
ac_cv_sizeof_off_t=8
ac_cv_sizeof_time_t=8
ac_cv_small_wchar_t=no
ac_cv_sys_file_offset_bits=no
ac_cv_sys_largefile_CC=no
ac_cv_sys_largefile_source=no
ac_cv_type_dev_t=yes
ac_cv_type_ino_t=yes
ac_cv_type_mode_t=yes
ac_cv_type_off_t=yes
ac_cv_type_pid_t=yes
ac_cv_type_rlim_t=yes
ac_cv_type_signal=void
ac_cv_type_size_t=yes
ac_cv_type_stack_t=yes
ac_cv_type_uid_t=yes
cf_cv_ebcdic=no
vi_cv_dll_name_python=libpython2.7.so.1.0
vi_cv_have_gpm=yes
vi_cv_have_sysmouse=no
vi_cv_path_python=/usr/bin/python2
vi_cv_path_python_conf=/usr/lib/python2.7/config
vi_cv_path_python_epfx=/usr
vi_cv_path_python_pfx=/usr
vi_cv_path_python_plibs='-L/usr/lib/python2.7/config -lpython2.7 -lpthread -ldl -lutil -lm -Xlinker -export-dynamic -Wl,-O1 -Wl,-Bsymbolic-functions'
vi_cv_path_pythonpath=:/usr/lib/python2.7:/usr/lib/python2.7/plat-linux2:/usr/lib/python2.7/lib-tk:/usr/lib/python2.7/lib-old:/usr/lib/python2.7/lib-dynload:/usr/local/lib/python2.7/dist-packages:/usr/lib/python2.7/dist-packages:/usr/lib/python2.7/dist-packages/gtk-2.0:/usr/lib/pymodules/python2.7:/usr/lib/python2.7/dist-packages/wx-2.8-gtk2-unicode
vi_cv_var_python_version=2.7
vim_cv_getcwd_broken=no
vim_cv_memmove_handles_overlap=yes
vim_cv_stat_ignores_slash=no
vim_cv_terminfo=yes
vim_cv_tgent=zero
vim_cv_toupper_broken=no
vim_cv_tty_group=world

## ----------------- ##
## Output variables. ##
## ----------------- ##

AWK='mawk'
CC='gcc'
CFLAGS='-g -O2 -U_FORTIFY_SOURCE -D_FORTIFY_SOURCE=1'
CPP='gcc -E'
CPPFLAGS=''
CPP_MM='M'
DEFS='-DHAVE_CONFIG_H'
DEPEND_CFLAGS_FILTER='| sed '\''s+-I */+-isystem /+g'\'''
ECHO_C=''
ECHO_N='-n'
ECHO_T=''
EGREP='/bin/grep -E'
EXEEXT=''
EXNAME='ex'
FGREP='/bin/grep -F'
GNOME_INCLUDEDIR=''
GNOME_LIBDIR=''
GNOME_LIBS=''
GREP='/bin/grep'
GTK_CFLAGS='-pthread -I/usr/include/gtk-2.0 -I/usr/lib/x86_64-linux-gnu/gtk-2.0/include -I/usr/include/atk-1.0 -I/usr/include/cairo -I/usr/include/gdk-pixbuf-2.0 -I/usr/include/pango-1.0 -I/usr/include/gio-unix-2.0/ -I/usr/include/glib-2.0 -I/usr/lib/x86_64-linux-gnu/glib-2.0/include -I/usr/include/pixman-1 -I/usr/include/freetype2 -I/usr/include/libpng12  '
GTK_LIBNAME='-lgtk-x11-2.0 -lgdk-x11-2.0 -latk-1.0 -lgio-2.0 -lpangoft2-1.0 -lpangocairo-1.0 -lgdk_pixbuf-2.0 -lcairo -lpango-1.0 -lfreetype -lfontconfig -lgobject-2.0 -lglib-2.0  '
GTK_LIBS='-lgtk-x11-2.0 -lgdk-x11-2.0 -latk-1.0 -lgio-2.0 -lpangoft2-1.0 -lpangocairo-1.0 -lgdk_pixbuf-2.0 -lcairo -lpango-1.0 -lfreetype -lfontconfig -lgobject-2.0 -lglib-2.0  '
GUITYPE='GTK'
GUI_INC_LOC='-pthread -I/usr/include/gtk-2.0 -I/usr/lib/x86_64-linux-gnu/gtk-2.0/include -I/usr/include/atk-1.0 -I/usr/include/cairo -I/usr/include/gdk-pixbuf-2.0 -I/usr/include/pango-1.0 -I/usr/include/gio-unix-2.0/ -I/usr/include/glib-2.0 -I/usr/lib/x86_64-linux-gnu/glib-2.0/include -I/usr/include/pixman-1 -I/usr/include/freetype2 -I/usr/include/libpng12  '
GUI_LIB_LOC=' '
GUI_X_LIBS=''
HANGULIN_OBJ=''
HANGULIN_SRC=''
INSTALL_LANGS='install-languages'
INSTALL_TOOL_LANGS='install-tool-languages'
LDFLAGS=' -L/usr/local/lib -Wl,--as-needed'
LIBOBJS=''
LIBS='-lm -ltinfo -lnsl  -lselinux  -lacl -lattr -lgpm'
LINK_AS_NEEDED='yes'
LTLIBOBJS=''
LUA_CFLAGS=''
LUA_LIBS=''
LUA_OBJ=''
LUA_PRO=''
LUA_SRC=''
MAKEMO='yes'
MOTIF_LIBNAME=''
MSGFMT='msgfmt'
MZSCHEME_CFLAGS=''
MZSCHEME_EXTRA=''
MZSCHEME_LIBS=''
MZSCHEME_MZC=''
MZSCHEME_OBJ=''
MZSCHEME_PRO=''
MZSCHEME_SRC=''
NARROW_PROTO=''
NETBEANS_OBJ='objects/netbeans.o'
NETBEANS_SRC='netbeans.c'
OBJEXT='o'
OS_EXTRA_OBJ=''
OS_EXTRA_SRC=''
PACKAGE_BUGREPORT=''
PACKAGE_NAME=''
PACKAGE_STRING=''
PACKAGE_TARNAME=''
PACKAGE_URL=''
PACKAGE_VERSION=''
PATH_SEPARATOR=':'
PERL_CFLAGS=''
PERL_LIBS=''
PERL_OBJ=''
PERL_PRO=''
PERL_SRC=''
PKG_CONFIG='/usr/bin/pkg-config'
PYTHON3_CFLAGS=''
PYTHON3_CONFDIR=''
PYTHON3_LIBS=''
PYTHON3_OBJ=''
PYTHON3_SRC=''
PYTHON_CFLAGS='-I/usr/include/python2.7 -DPYTHON_HOME='\''"/usr"'\'' -pthread -fPIE'
PYTHON_CONFDIR='/usr/lib/python2.7/config'
PYTHON_GETPATH_CFLAGS='-DPYTHONPATH='\''":/usr/lib/python2.7:/usr/lib/python2.7/plat-linux2:/usr/lib/python2.7/lib-tk:/usr/lib/python2.7/lib-old:/usr/lib/python2.7/lib-dynload:/usr/local/lib/python2.7/dist-packages:/usr/lib/python2.7/dist-packages:/usr/lib/python2.7/dist-packages/gtk-2.0:/usr/lib/pymodules/python2.7:/usr/lib/python2.7/dist-packages/wx-2.8-gtk2-unicode"'\'' -DPREFIX='\''"/usr"'\'' -DEXEC_PREFIX='\''"/usr"'\'''
PYTHON_LIBS='-L/usr/lib/python2.7/config -lpython2.7 -lpthread -ldl -lutil -lm -Xlinker -export-dynamic -Wl,-O1 -Wl,-Bsymbolic-functions'
PYTHON_OBJ='objects/if_python.o'
PYTHON_SRC='if_python.c'
QUOTESED='sed -e '\''s/[\\"]/\\&/g'\'' -e '\''s/\\"/"/'\'' -e '\''s/\\";$$/";/'\'''
RUBY_CFLAGS=''
RUBY_LIBS=''
RUBY_OBJ=''
RUBY_PRO=''
RUBY_SRC=''
SET_MAKE=''
SHELL='/bin/bash'
SNIFF_OBJ=''
SNIFF_SRC=''
STRIP='strip'
TAGPRG='ctags'
TCL_CFLAGS=''
TCL_LIBS=''
TCL_OBJ=''
TCL_PRO=''
TCL_SRC=''
VIEWNAME='view'
VIMNAME='vim'
WORKSHOP_OBJ=''
WORKSHOP_SRC=''
XCODE_SELECT=''
XMKMF=''
X_CFLAGS=' '
X_EXTRA_LIBS=' -lXdmcp -lSM -lICE'
X_LIB='-lXt -lX11'
X_LIBS=' '
X_PRE_LIBS=' -lSM -lICE -lXpm'
ac_ct_CC='gcc'
bindir='${exec_prefix}/bin'
build_alias=''
compiledby=''
datadir='${datarootdir}'
datarootdir='${prefix}/share'
docdir='${datarootdir}/doc/${PACKAGE}'
dogvimdiff='installgvimdiff'
dovimdiff='installvimdiff'
dvidir='${docdir}'
exec_prefix='${prefix}'
host_alias=''
htmldir='${docdir}'
includedir='${prefix}/include'
infodir='${datarootdir}/info'
libdir='${exec_prefix}/lib'
libexecdir='${exec_prefix}/libexec'
line_break='"\\012"'
localedir='${datarootdir}/locale'
localstatedir='${prefix}/var'
mandir='${datarootdir}/man'
oldincludedir='/usr/include'
pdfdir='${docdir}'
prefix='/home/jcress/opt/vim'
program_transform_name='s,x,x,'
psdir='${docdir}'
sbindir='${exec_prefix}/sbin'
sharedstatedir='${prefix}/com'
shrpenv=''
sysconfdir='${prefix}/etc'
target_alias=''
vi_cv_path_lua=''
vi_cv_path_luajit=''
vi_cv_path_mzscheme=''
vi_cv_path_perl=''
vi_cv_path_plain_lua=''
vi_cv_path_python3=''
vi_cv_path_python='/usr/bin/python2'
vi_cv_path_ruby=''
vi_cv_path_tcl=''
vi_cv_perllib=''
xmkmfpath=''

## ----------- ##
## confdefs.h. ##
## ----------- ##

/* confdefs.h */
#define PACKAGE_NAME ""
#define PACKAGE_TARNAME ""
#define PACKAGE_VERSION ""
#define PACKAGE_STRING ""
#define PACKAGE_BUGREPORT ""
#define PACKAGE_URL ""
#define UNIX 1
#define STDC_HEADERS 1
#define HAVE_SYS_WAIT_H 1
#define HAVE_SELINUX 1
#define FEAT_HUGE 1
#define USE_XSMP_INTERACT 1
#define FEAT_PYTHON 1
#define HAVE_LIBNSL 1
#define FEAT_NETBEANS_INTG 1
#define HAVE_X11 1
#define HAVE_GTK_MULTIHEAD 1
#define HAVE_X11_SM_SMLIB_H 1
#define HAVE_X11_XPM_H 1
#define HAVE_X11_SUNKEYSYM_H 1
#define FEAT_XIM 1
#define HAVE_DATE_TIME 1
#define HAVE_ATTRIBUTE_UNUSED 1
#define HAVE_DIRENT_H 1
#define HAVE_STDARG_H 1
#define HAVE_STDINT_H 1
#define HAVE_STDLIB_H 1
#define HAVE_STRING_H 1
#define HAVE_SYS_SELECT_H 1
#define HAVE_SYS_UTSNAME_H 1
#define HAVE_FCNTL_H 1
#define HAVE_SGTTY_H 1
#define HAVE_SYS_IOCTL_H 1
#define HAVE_SYS_TIME_H 1
#define HAVE_SYS_TYPES_H 1
#define HAVE_TERMIO_H 1
#define HAVE_ICONV_H 1
#define HAVE_INTTYPES_H 1
#define HAVE_LANGINFO_H 1
#define HAVE_MATH_H 1
#define HAVE_UNISTD_H 1
#define HAVE_STROPTS_H 1
#define HAVE_ERRNO_H 1
#define HAVE_SYS_RESOURCE_H 1
#define HAVE_LOCALE_H 1
#define HAVE_TERMIOS_H 1
#define HAVE_SYS_STATFS_H 1
#define HAVE_POLL_H 1
#define HAVE_SYS_POLL_H 1
#define HAVE_PWD_H 1
#define HAVE_UTIME_H 1
#define HAVE_SYS_PARAM_H 1
#define HAVE_LIBINTL_H 1
#define HAVE_LIBGEN_H 1
#define HAVE_SYS_ACL_H 1
#define HAVE_SYS_SYSINFO_H 1
#define HAVE_WCHAR_H 1
#define HAVE_WCTYPE_H 1
#define HAVE_SYS_SYSCTL_H 1
#define HAVE_STRINGS_H 1
#define TIME_WITH_SYS_TIME 1
#define HAVE_LIBTINFO 1
#define TERMINFO 1
#define TGETENT_ZERO_ERR 0
#define OSPEED_EXTERN 1
#define UP_BC_PC_EXTERN 1
#define SYS_SELECT_WITH_SYS_TIME 1
#define HAVE_SVR4_PTYS 1
#define RETSIGTYPE void
#define SIGRETURN return
#define HAVE_SIGCONTEXT 1
#define HAVE_BCMP 1
#define HAVE_FCHDIR 1
#define HAVE_FCHOWN 1
#define HAVE_FSYNC 1
#define HAVE_GETCWD 1
#define HAVE_GETPWENT 1
#define HAVE_GETPWNAM 1
#define HAVE_GETPWUID 1
#define HAVE_GETRLIMIT 1
#define HAVE_GETTIMEOFDAY 1
#define HAVE_GETWD 1
#define HAVE_LSTAT 1
#define HAVE_MEMCMP 1
#define HAVE_MEMSET 1
#define HAVE_MKDTEMP 1
#define HAVE_NANOSLEEP 1
#define HAVE_OPENDIR 1
#define HAVE_PUTENV 1
#define HAVE_QSORT 1
#define HAVE_READLINK 1
#define HAVE_SELECT 1
#define HAVE_SETENV 1
#define HAVE_SETPGID 1
#define HAVE_SETSID 1
#define HAVE_SIGALTSTACK 1
#define HAVE_SIGSTACK 1
#define HAVE_SIGSET 1
#define HAVE_SIGACTION 1
#define HAVE_SIGVEC 1
#define HAVE_STRCASECMP 1
#define HAVE_STRERROR 1
#define HAVE_STRFTIME 1
#define HAVE_STRNCASECMP 1
#define HAVE_STRPBRK 1
#define HAVE_STRTOL 1
#define HAVE_TGETENT 1
#define HAVE_TOWLOWER 1
#define HAVE_TOWUPPER 1
#define HAVE_ISWUPPER 1
#define HAVE_USLEEP 1
#define HAVE_UTIME 1
#define HAVE_UTIMES 1
#define HAVE_FSEEKO 1
#define HAVE_ST_BLKSIZE 1
#define HAVE_ICONV 1
#define HAVE_NL_LANGINFO_CODESET 1
#define HAVE_LIBM 1
#define HAVE_FLOAT_FUNCS 1
#define HAVE_POSIX_ACL 1
#define HAVE_GPM 1
#define HAVE_FD_CLOEXEC 1
#define HAVE_RENAME 1
#define HAVE_SYSINFO 1
#define HAVE_SYSINFO_MEM_UNIT 1
#define HAVE_SYSCONF 1
#define SIZEOF_INT 4
#define SIZEOF_LONG 8
#define SIZEOF_TIME_T 8
#define SIZEOF_OFF_T 8
#define VIM_SIZEOF_INT 4
#define VIM_SIZEOF_LONG 8
#define USEMEMMOVE 1
#define USEMAN_S 1
#define HAVE_GETTEXT 1
#define HAVE_BIND_TEXTDOMAIN_CODESET 1
#define HAVE_NL_MSG_CAT_CNTR 1
#define HAVE_DLFCN_H 1
#define HAVE_DLOPEN 1
#define HAVE_DLSYM 1
#define HAVE_SETJMP_H 1

configure: exit 0
